<?xml version="1.0" encoding="UTF-8"?>
<!-- Generated by org.testng.reporters.JUnitReportReporter -->
<testsuite skipped="0" hostname="DVCIO2632600" name="basic.HandlingallControls" tests="1" failures="0" timestamp="07 May 2019 18:01:59 GMT" time="5.053" errors="0">
  <testcase name="SignUp" time="5.053" classname="basic.HandlingallControls"/>
</testsuite> <!-- basic.HandlingallControls -->
